2022-01-04 19:12:52.106 [http-nio-9099-exec-10] WARN  org.springframework.web.servlet.PageNotFound - No mapping for GET /simpleblog/register.html
2022-01-04 19:13:14.732 [http-nio-9099-exec-3] WARN  org.springframework.web.servlet.PageNotFound - No mapping for GET /simpleblog/register.html
2022-01-04 19:15:24.732 [http-nio-9099-exec-9] WARN  org.springframework.web.servlet.PageNotFound - No mapping for GET /simpleblog/web/center/data/search
2022-01-04 19:15:28.808 [http-nio-9099-exec-4] WARN  org.springframework.web.servlet.PageNotFound - No mapping for GET /simpleblog/web/center/data/search
2022-01-04 19:15:35.862 [http-nio-9099-exec-10] WARN  org.springframework.web.servlet.PageNotFound - No mapping for GET /simpleblog/web/center/data/search
2022-01-04 19:20:44.629 [http-nio-9099-exec-2] WARN  org.springframework.web.servlet.PageNotFound - No mapping for GET /simpleblog/register.html
2022-01-04 19:55:13.595 [http-nio-9099-exec-8] WARN  org.springframework.web.servlet.PageNotFound - No mapping for POST /simpleblog/web/user/register
2022-01-04 20:28:49.121 [http-nio-9099-exec-1] WARN  org.springframework.web.servlet.PageNotFound - No mapping for GET /simpleblog/register.html
2022-01-04 20:33:58.888 [http-nio-9099-exec-7] WARN  org.springframework.web.servlet.PageNotFound - No mapping for GET /simpleblog/image/20201222/user/869393233842400.jpg
2022-01-04 20:33:58.888 [http-nio-9099-exec-5] WARN  org.springframework.web.servlet.PageNotFound - No mapping for GET /simpleblog/image/20210119/blog/1351469541414416384.jpeg
2022-01-04 20:33:58.889 [http-nio-9099-exec-9] WARN  org.springframework.web.servlet.PageNotFound - No mapping for GET /simpleblog/image/20210114/user/1349584755557150720.jpg
2022-01-04 20:33:58.890 [http-nio-9099-exec-6] WARN  org.springframework.web.servlet.PageNotFound - No mapping for GET /simpleblog/image/20210111/user/1348527156908797952.png
2022-01-04 20:33:58.891 [http-nio-9099-exec-1] WARN  org.springframework.web.servlet.PageNotFound - No mapping for GET /simpleblog/image/20210111/blog/1348528701327028224.jpeg
2022-01-04 20:33:58.891 [http-nio-9099-exec-10] WARN  org.springframework.web.servlet.PageNotFound - No mapping for GET /simpleblog/image/20210111/blog/1348528678468071424.jpg
2022-01-04 20:33:58.905 [http-nio-9099-exec-9] WARN  org.springframework.web.servlet.PageNotFound - No mapping for GET /simpleblog/image/20210111/blog/1348528712987193344.jpg
2022-01-04 20:33:58.905 [http-nio-9099-exec-7] WARN  org.springframework.web.servlet.PageNotFound - No mapping for GET /simpleblog/image/20210111/blog/1348528740799623168.gif
2022-01-04 20:33:58.905 [http-nio-9099-exec-3] WARN  org.springframework.web.servlet.PageNotFound - No mapping for GET /simpleblog/image/20201225/user/1106796221860500.jpg
2022-01-04 20:33:58.905 [http-nio-9099-exec-1] WARN  org.springframework.web.servlet.PageNotFound - No mapping for GET /simpleblog/image/20210111/blog/1348528754967982080.jpg
2022-01-04 20:33:58.905 [http-nio-9099-exec-5] WARN  org.springframework.web.servlet.PageNotFound - No mapping for GET /simpleblog/image/20210111/blog/1348528727004557312.jpg
2022-01-04 20:33:58.905 [http-nio-9099-exec-4] WARN  org.springframework.web.servlet.PageNotFound - No mapping for GET /simpleblog/image/20210105/user/2036232744248900.png
2022-01-04 20:33:58.912 [http-nio-9099-exec-3] WARN  org.springframework.web.servlet.PageNotFound - No mapping for GET /simpleblog/image/20210105/blog/2036459746509200.jpeg
2022-01-04 20:33:58.912 [http-nio-9099-exec-4] WARN  org.springframework.web.servlet.PageNotFound - No mapping for GET /simpleblog/image/20210105/blog/2036478352546600.jpeg
2022-01-04 20:33:58.913 [http-nio-9099-exec-9] WARN  org.springframework.web.servlet.PageNotFound - No mapping for GET /simpleblog/image/20210105/blog/2036444522230900.jpeg
2022-01-04 20:33:58.913 [http-nio-9099-exec-5] WARN  org.springframework.web.servlet.PageNotFound - No mapping for GET /simpleblog/image/20210105/blog/2036419703452600.jpeg
2022-01-04 20:33:58.913 [http-nio-9099-exec-2] WARN  org.springframework.web.servlet.PageNotFound - No mapping for GET /simpleblog/image/20210105/blog/2036402808991700.jpeg
2022-01-04 20:33:58.915 [http-nio-9099-exec-8] WARN  org.springframework.web.servlet.PageNotFound - No mapping for GET /simpleblog/image/20210105/blog/2036389054660300.jpeg
2022-01-04 20:33:58.918 [http-nio-9099-exec-7] WARN  org.springframework.web.servlet.PageNotFound - No mapping for GET /simpleblog/image/20210105/blog/2036373235700100.jpeg
2022-01-04 20:33:58.921 [http-nio-9099-exec-10] WARN  org.springframework.web.servlet.PageNotFound - No mapping for GET /simpleblog/image/20210105/blog/2036355737592500.jpeg
2022-01-04 20:33:58.921 [http-nio-9099-exec-9] WARN  org.springframework.web.servlet.PageNotFound - No mapping for GET /simpleblog/image/20210105/blog/2036329661458800.jpeg
2022-01-04 20:33:58.922 [http-nio-9099-exec-5] WARN  org.springframework.web.servlet.PageNotFound - No mapping for GET /simpleblog/image/20210105/blog/2036293325753100.jpeg
2022-01-04 20:33:58.923 [http-nio-9099-exec-8] WARN  org.springframework.web.servlet.PageNotFound - No mapping for GET /simpleblog/image/20210105/blog/2036260747619800.jpeg
2022-01-04 20:33:58.923 [http-nio-9099-exec-1] WARN  org.springframework.web.servlet.PageNotFound - No mapping for GET /simpleblog/image/20210105/blog/2036207013327700.jpeg
2022-01-04 20:33:58.925 [http-nio-9099-exec-7] WARN  org.springframework.web.servlet.PageNotFound - No mapping for GET /simpleblog/image/20210105/blog/2031819462921500.jpeg
2022-01-04 20:33:58.926 [http-nio-9099-exec-10] WARN  org.springframework.web.servlet.PageNotFound - No mapping for GET /simpleblog/image/20210104/blog/1945517262303000.png
2022-01-04 20:33:58.927 [http-nio-9099-exec-9] WARN  org.springframework.web.servlet.PageNotFound - No mapping for GET /simpleblog/image/20210104/blog/1945519961000500.png
2022-01-04 20:33:58.928 [http-nio-9099-exec-5] WARN  org.springframework.web.servlet.PageNotFound - No mapping for GET /simpleblog/image/20210104/blog/1945522381210700.png
2022-01-04 20:33:58.929 [http-nio-9099-exec-8] WARN  org.springframework.web.servlet.PageNotFound - No mapping for GET /simpleblog/image/20210104/blog/1945524904783600.png
2022-01-04 20:33:58.930 [http-nio-9099-exec-1] WARN  org.springframework.web.servlet.PageNotFound - No mapping for GET /simpleblog/image/20210104/blog/1945527144028200.png
2022-01-04 20:33:58.932 [http-nio-9099-exec-3] WARN  org.springframework.web.servlet.PageNotFound - No mapping for GET /simpleblog/image/20210104/blog/1945529520301100.png
2022-01-04 20:33:58.933 [http-nio-9099-exec-4] WARN  org.springframework.web.servlet.PageNotFound - No mapping for GET /simpleblog/image/20210104/blog/1945415153045200.png
2022-01-04 20:33:58.933 [http-nio-9099-exec-9] WARN  org.springframework.web.servlet.PageNotFound - No mapping for GET /simpleblog/image/20210104/blog/1945418989056300.png
2022-01-04 20:33:58.933 [http-nio-9099-exec-6] WARN  org.springframework.web.servlet.PageNotFound - No mapping for GET /simpleblog/image/20210104/blog/1945423313674500.png
2022-01-04 20:33:58.934 [http-nio-9099-exec-2] WARN  org.springframework.web.servlet.PageNotFound - No mapping for GET /simpleblog/image/20210104/blog/1944807281410200.jpg
2022-01-04 20:33:58.935 [http-nio-9099-exec-7] WARN  org.springframework.web.servlet.PageNotFound - No mapping for GET /simpleblog/image/20210104/blog/1944809516767400.jpg
2022-01-04 20:33:58.936 [http-nio-9099-exec-10] WARN  org.springframework.web.servlet.PageNotFound - No mapping for GET /simpleblog/image/20210104/blog/1944552271036000.jpg
2022-01-04 20:33:58.938 [http-nio-9099-exec-8] WARN  org.springframework.web.servlet.PageNotFound - No mapping for GET /simpleblog/image/20201231/blog/1605706157426100.png
2022-01-04 20:33:58.938 [http-nio-9099-exec-9] WARN  org.springframework.web.servlet.PageNotFound - No mapping for GET /simpleblog/image/20201231/blog/1605708153399300.png
2022-01-04 20:33:58.939 [http-nio-9099-exec-6] WARN  org.springframework.web.servlet.PageNotFound - No mapping for GET /simpleblog/image/20201231/blog/1605710027452500.png
2022-01-04 20:33:58.941 [http-nio-9099-exec-3] WARN  org.springframework.web.servlet.PageNotFound - No mapping for GET /simpleblog/image/20201228/blog/1365080926153000.jpg
2022-01-04 20:33:58.942 [http-nio-9099-exec-7] WARN  org.springframework.web.servlet.PageNotFound - No mapping for GET /simpleblog/image/20200302/user/355204574745700.jpg
2022-01-04 20:33:58.944 [http-nio-9099-exec-8] WARN  org.springframework.web.servlet.PageNotFound - No mapping for GET /simpleblog/image/20201228/blog/1357819665644500.jpg
2022-01-04 20:33:58.944 [http-nio-9099-exec-1] WARN  org.springframework.web.servlet.PageNotFound - No mapping for GET /simpleblog/image/20201228/blog/1357823251640000.jpg
2022-01-04 20:33:58.945 [http-nio-9099-exec-2] WARN  org.springframework.web.servlet.PageNotFound - No mapping for GET /simpleblog/image/20201228/blog/1357825568209300.gif
2022-01-04 20:33:58.945 [http-nio-9099-exec-5] WARN  org.springframework.web.servlet.PageNotFound - No mapping for GET /simpleblog/image/20201228/blog/1357827769360600.jpg
2022-01-04 20:33:58.946 [http-nio-9099-exec-4] WARN  org.springframework.web.servlet.PageNotFound - No mapping for GET /simpleblog/image/20201228/blog/1357829573793900.jpg
2022-01-04 20:33:58.950 [http-nio-9099-exec-9] WARN  org.springframework.web.servlet.PageNotFound - No mapping for GET /simpleblog/image/20201228/blog/1357831414892400.jpg
2022-01-04 20:33:58.960 [http-nio-9099-exec-1] WARN  org.springframework.web.servlet.PageNotFound - No mapping for GET /simpleblog/image/20201228/blog/1357833239143400.jpg
2022-01-04 20:33:58.963 [http-nio-9099-exec-1] WARN  org.springframework.web.servlet.PageNotFound - No mapping for GET /simpleblog/image/20201228/blog/1357835472015700.jpg
2022-01-04 20:33:58.963 [http-nio-9099-exec-5] WARN  org.springframework.web.servlet.PageNotFound - No mapping for GET /simpleblog/image/20201228/blog/1357837329796500.jpg
2022-01-04 20:33:58.963 [http-nio-9099-exec-10] WARN  org.springframework.web.servlet.PageNotFound - No mapping for GET /simpleblog/image/20201228/blog/1357142070083000.jpg
2022-01-04 20:33:58.965 [http-nio-9099-exec-4] WARN  org.springframework.web.servlet.PageNotFound - No mapping for GET /simpleblog/image/20201228/blog/1338746928080700.jpg
2022-01-04 20:33:58.965 [http-nio-9099-exec-9] WARN  org.springframework.web.servlet.PageNotFound - No mapping for GET /simpleblog/image/20201228/blog/1338750511061700.jpg
2022-01-04 20:33:58.966 [http-nio-9099-exec-8] WARN  org.springframework.web.servlet.PageNotFound - No mapping for GET /simpleblog/image/20201228/blog/1338752832868600.png
2022-01-04 20:33:58.968 [http-nio-9099-exec-7] WARN  org.springframework.web.servlet.PageNotFound - No mapping for GET /simpleblog/image/20201228/blog/1338759646126200.jpg
2022-01-04 20:33:58.969 [http-nio-9099-exec-5] WARN  org.springframework.web.servlet.PageNotFound - No mapping for GET /simpleblog/image/20201227/blog/1274282203796300.jfif
2022-01-04 20:33:58.970 [http-nio-9099-exec-2] WARN  org.springframework.web.servlet.PageNotFound - No mapping for GET /simpleblog/image/20201222/blog/869163478624500.jpg
2022-01-04 20:33:58.971 [http-nio-9099-exec-3] WARN  org.springframework.web.servlet.PageNotFound - No mapping for GET /simpleblog/image/20201222/blog/869170673970600.jfif
2022-01-04 20:33:58.973 [http-nio-9099-exec-8] WARN  org.springframework.web.servlet.PageNotFound - No mapping for GET /simpleblog/image/20200304/blog/547191783223300.jpeg
2022-01-04 20:33:58.975 [http-nio-9099-exec-10] WARN  org.springframework.web.servlet.PageNotFound - No mapping for GET /simpleblog/image/20200304/blog/547195474698600.jpg
2022-01-04 20:33:58.977 [http-nio-9099-exec-5] WARN  org.springframework.web.servlet.PageNotFound - No mapping for GET /simpleblog/image/20200304/blog/547198791734800.jpg
2022-01-04 20:33:58.977 [http-nio-9099-exec-2] WARN  org.springframework.web.servlet.PageNotFound - No mapping for GET /simpleblog/image/20200302/user/357889024660700.jpg
2022-01-04 20:33:58.977 [http-nio-9099-exec-4] WARN  org.springframework.web.servlet.PageNotFound - No mapping for GET /simpleblog/image/20200302/blog/357975314320200.jpg
2022-01-04 20:33:58.978 [http-nio-9099-exec-9] WARN  org.springframework.web.servlet.PageNotFound - No mapping for GET /simpleblog/image/20200302/blog/357978019521100.jpg
2022-01-04 20:33:58.982 [http-nio-9099-exec-10] WARN  org.springframework.web.servlet.PageNotFound - No mapping for GET /simpleblog/image/20200302/blog/357983116920900.jpg
2022-01-04 20:33:58.983 [http-nio-9099-exec-5] WARN  org.springframework.web.servlet.PageNotFound - No mapping for GET /simpleblog/image/20200302/blog/335574727292600.jpg
2022-01-04 20:33:58.984 [http-nio-9099-exec-10] WARN  org.springframework.web.servlet.PageNotFound - No mapping for GET /simpleblog/image/20200302/blog/335581333361000.jpg
2022-01-04 20:33:58.985 [http-nio-9099-exec-4] WARN  org.springframework.web.servlet.PageNotFound - No mapping for GET /simpleblog/image/20200302/blog/355269985984400.jpg
2022-01-04 20:33:58.985 [http-nio-9099-exec-3] WARN  org.springframework.web.servlet.PageNotFound - No mapping for GET /simpleblog/image/20200302/blog/355273444243100.jpg
2022-01-04 20:33:58.985 [http-nio-9099-exec-1] WARN  org.springframework.web.servlet.PageNotFound - No mapping for GET /simpleblog/image/20200302/blog/355277720243500.jpg
2022-01-04 20:33:58.987 [http-nio-9099-exec-7] WARN  org.springframework.web.servlet.PageNotFound - No mapping for GET /simpleblog/image/20200228/blog/81331211133400.jpg
2022-01-04 20:33:58.988 [http-nio-9099-exec-10] WARN  org.springframework.web.servlet.PageNotFound - No mapping for GET /simpleblog/image/20200228/blog/81334961919200.jpg
2022-01-04 20:33:58.990 [http-nio-9099-exec-4] WARN  org.springframework.web.servlet.PageNotFound - No mapping for GET /simpleblog/image/20200228/blog/81337930820900.jpg
2022-01-04 20:33:58.990 [http-nio-9099-exec-8] WARN  org.springframework.web.servlet.PageNotFound - No mapping for GET /simpleblog/image/20200228/blog/81341306561800.jpg
2022-01-04 20:33:58.992 [http-nio-9099-exec-1] WARN  org.springframework.web.servlet.PageNotFound - No mapping for GET /simpleblog/image/20200228/blog/81344539755900.jpg
2022-01-04 20:33:58.993 [http-nio-9099-exec-2] WARN  org.springframework.web.servlet.PageNotFound - No mapping for GET /simpleblog/image/20200228/blog/81347968197400.jpg
2022-01-04 20:33:58.995 [http-nio-9099-exec-5] WARN  org.springframework.web.servlet.PageNotFound - No mapping for GET /simpleblog/image/20200228/blog/81352256022900.jpg
2022-01-04 20:33:58.997 [http-nio-9099-exec-8] WARN  org.springframework.web.servlet.PageNotFound - No mapping for GET /simpleblog/image/20200228/blog/81355837132800.jpg
2022-01-04 20:33:58.997 [http-nio-9099-exec-3] WARN  org.springframework.web.servlet.PageNotFound - No mapping for GET /simpleblog/image/20200228/blog/81361488639800.jpg
