2022-01-06 20:21:17.879 [main] WARN  o.s.b.w.s.c.AnnotationConfigServletWebServerApplicationContext - Exception encountered during context initialization - cancelling refresh attempt: org.springframework.beans.factory.UnsatisfiedDependencyException: Error creating bean with name 'org.springframework.scheduling.annotation.ProxyAsyncConfiguration': Unsatisfied dependency expressed through method 'setConfigurers' parameter 0; nested exception is org.springframework.beans.factory.UnsatisfiedDependencyException: Error creating bean with name 'shiroFilter' defined in class path resource [com/learn/simpleblog/config/ShiroConfig.class]: Unsatisfied dependency expressed through method 'shiroFilter' parameter 0; nested exception is org.springframework.beans.factory.UnsatisfiedDependencyException: Error creating bean with name 'securityManager' defined in class path resource [com/learn/simpleblog/config/ShiroConfig.class]: Unsatisfied dependency expressed through method 'securityManager' parameter 0; nested exception is org.springframework.beans.factory.UnsatisfiedDependencyException: Error creating bean with name 'userRealm': Unsatisfied dependency expressed through field 'sysUserDao'; nested exception is org.springframework.beans.factory.UnsatisfiedDependencyException: Error creating bean with name 'sysUserDao' defined in file [F:\dev_code\2021_learn_project\simpleblog-springboot\simpleblog-module\target\classes\com\learn\simpleblog\module\mapper\SysUserDao.class]: Unsatisfied dependency expressed through bean property 'sqlSessionFactory'; nested exception is org.springframework.beans.factory.UnsatisfiedDependencyException: Error creating bean with name 'sqlSessionFactory' defined in class path resource [com/baomidou/mybatisplus/autoconfigure/MybatisPlusAutoConfiguration.class]: Unsatisfied dependency expressed through method 'sqlSessionFactory' parameter 0; nested exception is org.springframework.beans.factory.BeanCreationException: Error creating bean with name 'dataSource' defined in class path resource [com/alibaba/druid/spring/boot/autoconfigure/DruidDataSourceAutoConfigure.class]: Invocation of init method failed; nested exception is com.mysql.cj.jdbc.exceptions.CommunicationsException: Communications link failure

The last packet sent successfully to the server was 0 milliseconds ago. The driver has not received any packets from the server.
2022-01-06 20:21:55.817 [http-nio-9099-exec-5] WARN  org.springframework.web.servlet.PageNotFound - No mapping for GET /simpleblog/web/user/msg
2022-01-06 20:21:59.467 [http-nio-9099-exec-5] WARN  org.springframework.web.servlet.PageNotFound - No mapping for GET /simpleblog/web/images/058.png
2022-01-06 20:22:28.013 [http-nio-9099-exec-3] WARN  org.springframework.web.servlet.PageNotFound - No mapping for GET /simpleblog/web/images/058.png
2022-01-06 20:24:57.212 [http-nio-9099-exec-6] WARN  org.springframework.web.servlet.PageNotFound - No mapping for GET /simpleblog/web/images/058.png
2022-01-06 20:24:58.141 [http-nio-9099-exec-5] WARN  org.springframework.web.servlet.PageNotFound - No mapping for GET /simpleblog/web/undefinedcss/modules/layer/default/layer.css
2022-01-06 20:24:58.153 [http-nio-9099-exec-1] WARN  org.springframework.web.servlet.PageNotFound - No mapping for GET /simpleblog/web/center/blogs
2022-01-06 20:24:59.390 [http-nio-9099-exec-10] WARN  org.springframework.web.servlet.PageNotFound - No mapping for GET /simpleblog/web/center/praises/my
2022-01-06 20:25:02.480 [http-nio-9099-exec-9] WARN  org.springframework.web.servlet.PageNotFound - No mapping for GET /simpleblog/web/center/collects/my
2022-01-06 20:25:03.564 [http-nio-9099-exec-2] WARN  org.springframework.web.servlet.PageNotFound - No mapping for GET /simpleblog/web/center/friends/my
2022-01-06 20:25:04.523 [http-nio-9099-exec-9] WARN  org.springframework.web.servlet.PageNotFound - No mapping for GET /simpleblog/web/images/058.png
2022-01-06 20:25:20.439 [http-nio-9099-exec-6] WARN  org.springframework.web.servlet.PageNotFound - No mapping for POST /simpleblog/web/user/info/update
2022-01-06 20:42:16.169 [http-nio-9099-exec-7] WARN  org.springframework.web.servlet.PageNotFound - No mapping for GET /simpleblog/web/images/058.png
2022-01-06 20:43:19.701 [http-nio-9099-exec-2] WARN  org.springframework.web.servlet.PageNotFound - No mapping for GET /simpleblog/web/images/058.png
2022-01-06 20:44:16.452 [http-nio-9099-exec-3] WARN  org.springframework.web.servlet.PageNotFound - No mapping for GET /simpleblog/web/user/msg
2022-01-06 20:44:19.529 [http-nio-9099-exec-7] WARN  org.springframework.web.servlet.PageNotFound - No mapping for GET /simpleblog/web/images/058.png
2022-01-06 20:44:26.945 [http-nio-9099-exec-3] WARN  org.springframework.web.servlet.PageNotFound - No mapping for GET /simpleblog/web/images/058.png
2022-01-06 20:49:38.933 [http-nio-9099-exec-6] WARN  org.springframework.web.servlet.PageNotFound - No mapping for GET /simpleblog/web/images/058.png
2022-01-06 20:49:54.236 [http-nio-9099-exec-3] WARN  org.springframework.web.servlet.PageNotFound - No mapping for GET /simpleblog/web/user/msg
2022-01-06 20:50:02.108 [http-nio-9099-exec-10] WARN  org.springframework.web.servlet.PageNotFound - No mapping for GET /simpleblog/web/user/msg
2022-01-06 20:50:10.120 [http-nio-9099-exec-8] WARN  org.springframework.web.servlet.PageNotFound - No mapping for GET /simpleblog/web/user/msg
2022-01-06 20:50:18.118 [http-nio-9099-exec-9] WARN  org.springframework.web.servlet.PageNotFound - No mapping for GET /simpleblog/web/user/msg
2022-01-06 20:50:26.111 [http-nio-9099-exec-3] WARN  org.springframework.web.servlet.PageNotFound - No mapping for GET /simpleblog/web/user/msg
2022-01-06 20:50:34.111 [http-nio-9099-exec-4] WARN  org.springframework.web.servlet.PageNotFound - No mapping for GET /simpleblog/web/user/msg
2022-01-06 20:50:42.106 [http-nio-9099-exec-7] WARN  org.springframework.web.servlet.PageNotFound - No mapping for GET /simpleblog/web/user/msg
2022-01-06 20:50:50.512 [http-nio-9099-exec-2] WARN  org.springframework.web.servlet.PageNotFound - No mapping for GET /simpleblog/web/user/msg
2022-01-06 20:50:58.513 [http-nio-9099-exec-9] WARN  org.springframework.web.servlet.PageNotFound - No mapping for GET /simpleblog/web/user/msg
2022-01-06 20:51:14.182 [http-nio-9099-exec-2] WARN  org.springframework.web.servlet.PageNotFound - No mapping for GET /simpleblog/web/user/msg
2022-01-06 20:51:24.799 [http-nio-9099-exec-7] WARN  org.springframework.web.servlet.PageNotFound - No mapping for GET /simpleblog/web/user/msg
2022-01-06 20:51:32.700 [http-nio-9099-exec-1] WARN  org.springframework.web.servlet.PageNotFound - No mapping for GET /simpleblog/web/user/msg
2022-01-06 20:51:40.691 [http-nio-9099-exec-4] WARN  org.springframework.web.servlet.PageNotFound - No mapping for GET /simpleblog/web/user/msg
2022-01-06 20:51:49.512 [http-nio-9099-exec-7] WARN  org.springframework.web.servlet.PageNotFound - No mapping for GET /simpleblog/web/user/msg
2022-01-06 20:51:57.513 [http-nio-9099-exec-3] WARN  org.springframework.web.servlet.PageNotFound - No mapping for GET /simpleblog/web/user/msg
2022-01-06 20:52:05.508 [http-nio-9099-exec-8] WARN  org.springframework.web.servlet.PageNotFound - No mapping for GET /simpleblog/web/user/msg
2022-01-06 20:52:13.510 [http-nio-9099-exec-2] WARN  org.springframework.web.servlet.PageNotFound - No mapping for GET /simpleblog/web/user/msg
2022-01-06 20:52:21.504 [http-nio-9099-exec-5] WARN  org.springframework.web.servlet.PageNotFound - No mapping for GET /simpleblog/web/user/msg
2022-01-06 20:52:29.503 [http-nio-9099-exec-9] WARN  org.springframework.web.servlet.PageNotFound - No mapping for GET /simpleblog/web/user/msg
2022-01-06 20:52:37.510 [http-nio-9099-exec-10] WARN  org.springframework.web.servlet.PageNotFound - No mapping for GET /simpleblog/web/user/msg
2022-01-06 20:52:45.514 [http-nio-9099-exec-7] WARN  org.springframework.web.servlet.PageNotFound - No mapping for GET /simpleblog/web/user/msg
2022-01-06 20:52:53.505 [http-nio-9099-exec-4] WARN  org.springframework.web.servlet.PageNotFound - No mapping for GET /simpleblog/web/user/msg
2022-01-06 20:53:01.511 [http-nio-9099-exec-3] WARN  org.springframework.web.servlet.PageNotFound - No mapping for GET /simpleblog/web/user/msg
2022-01-06 20:53:09.502 [http-nio-9099-exec-1] WARN  org.springframework.web.servlet.PageNotFound - No mapping for GET /simpleblog/web/user/msg
2022-01-06 20:53:17.504 [http-nio-9099-exec-8] WARN  org.springframework.web.servlet.PageNotFound - No mapping for GET /simpleblog/web/user/msg
2022-01-06 20:53:25.513 [http-nio-9099-exec-6] WARN  org.springframework.web.servlet.PageNotFound - No mapping for GET /simpleblog/web/user/msg
2022-01-06 20:53:33.500 [http-nio-9099-exec-2] WARN  org.springframework.web.servlet.PageNotFound - No mapping for GET /simpleblog/web/user/msg
2022-01-06 20:53:41.511 [http-nio-9099-exec-5] WARN  org.springframework.web.servlet.PageNotFound - No mapping for GET /simpleblog/web/user/msg
2022-01-06 20:53:49.512 [http-nio-9099-exec-9] WARN  org.springframework.web.servlet.PageNotFound - No mapping for GET /simpleblog/web/user/msg
2022-01-06 20:53:57.507 [http-nio-9099-exec-10] WARN  org.springframework.web.servlet.PageNotFound - No mapping for GET /simpleblog/web/user/msg
2022-01-06 20:54:05.504 [http-nio-9099-exec-7] WARN  org.springframework.web.servlet.PageNotFound - No mapping for GET /simpleblog/web/user/msg
2022-01-06 20:54:13.510 [http-nio-9099-exec-4] WARN  org.springframework.web.servlet.PageNotFound - No mapping for GET /simpleblog/web/user/msg
2022-01-06 20:54:21.511 [http-nio-9099-exec-3] WARN  org.springframework.web.servlet.PageNotFound - No mapping for GET /simpleblog/web/user/msg
2022-01-06 20:54:29.500 [http-nio-9099-exec-1] WARN  org.springframework.web.servlet.PageNotFound - No mapping for GET /simpleblog/web/user/msg
2022-01-06 20:54:37.514 [http-nio-9099-exec-8] WARN  org.springframework.web.servlet.PageNotFound - No mapping for GET /simpleblog/web/user/msg
2022-01-06 20:54:45.502 [http-nio-9099-exec-6] WARN  org.springframework.web.servlet.PageNotFound - No mapping for GET /simpleblog/web/user/msg
2022-01-06 20:54:53.503 [http-nio-9099-exec-2] WARN  org.springframework.web.servlet.PageNotFound - No mapping for GET /simpleblog/web/user/msg
2022-01-06 20:55:01.503 [http-nio-9099-exec-5] WARN  org.springframework.web.servlet.PageNotFound - No mapping for GET /simpleblog/web/user/msg
2022-01-06 20:55:09.502 [http-nio-9099-exec-9] WARN  org.springframework.web.servlet.PageNotFound - No mapping for GET /simpleblog/web/user/msg
2022-01-06 20:55:16.705 [http-nio-9099-exec-10] WARN  org.springframework.web.servlet.PageNotFound - No mapping for GET /simpleblog/web/user/msg
2022-01-06 20:55:24.717 [http-nio-9099-exec-7] WARN  org.springframework.web.servlet.PageNotFound - No mapping for GET /simpleblog/web/user/msg
2022-01-06 20:55:32.959 [http-nio-9099-exec-4] WARN  org.springframework.web.servlet.PageNotFound - No mapping for GET /simpleblog/web/user/msg
2022-01-06 20:55:40.995 [http-nio-9099-exec-8] WARN  org.springframework.web.servlet.PageNotFound - No mapping for GET /simpleblog/web/user/msg
2022-01-06 20:55:49.508 [http-nio-9099-exec-6] WARN  org.springframework.web.servlet.PageNotFound - No mapping for GET /simpleblog/web/user/msg
2022-01-06 20:55:57.514 [http-nio-9099-exec-2] WARN  org.springframework.web.servlet.PageNotFound - No mapping for GET /simpleblog/web/user/msg
2022-01-06 20:56:05.512 [http-nio-9099-exec-5] WARN  org.springframework.web.servlet.PageNotFound - No mapping for GET /simpleblog/web/user/msg
2022-01-06 20:56:13.511 [http-nio-9099-exec-9] WARN  org.springframework.web.servlet.PageNotFound - No mapping for GET /simpleblog/web/user/msg
2022-01-06 20:56:21.513 [http-nio-9099-exec-10] WARN  org.springframework.web.servlet.PageNotFound - No mapping for GET /simpleblog/web/user/msg
2022-01-06 20:56:29.512 [http-nio-9099-exec-7] WARN  org.springframework.web.servlet.PageNotFound - No mapping for GET /simpleblog/web/user/msg
2022-01-06 20:56:37.515 [http-nio-9099-exec-1] WARN  org.springframework.web.servlet.PageNotFound - No mapping for GET /simpleblog/web/user/msg
2022-01-06 20:56:45.502 [http-nio-9099-exec-8] WARN  org.springframework.web.servlet.PageNotFound - No mapping for GET /simpleblog/web/user/msg
2022-01-06 20:56:53.511 [http-nio-9099-exec-6] WARN  org.springframework.web.servlet.PageNotFound - No mapping for GET /simpleblog/web/user/msg
2022-01-06 20:57:01.500 [http-nio-9099-exec-2] WARN  org.springframework.web.servlet.PageNotFound - No mapping for GET /simpleblog/web/user/msg
2022-01-06 20:57:09.500 [http-nio-9099-exec-5] WARN  org.springframework.web.servlet.PageNotFound - No mapping for GET /simpleblog/web/user/msg
2022-01-06 20:57:17.503 [http-nio-9099-exec-9] WARN  org.springframework.web.servlet.PageNotFound - No mapping for GET /simpleblog/web/user/msg
2022-01-06 20:57:25.504 [http-nio-9099-exec-10] WARN  org.springframework.web.servlet.PageNotFound - No mapping for GET /simpleblog/web/user/msg
2022-01-06 20:57:33.502 [http-nio-9099-exec-7] WARN  org.springframework.web.servlet.PageNotFound - No mapping for GET /simpleblog/web/user/msg
2022-01-06 20:57:41.498 [http-nio-9099-exec-4] WARN  org.springframework.web.servlet.PageNotFound - No mapping for GET /simpleblog/web/user/msg
2022-01-06 20:57:49.510 [http-nio-9099-exec-3] WARN  org.springframework.web.servlet.PageNotFound - No mapping for GET /simpleblog/web/user/msg
2022-01-06 20:57:57.508 [http-nio-9099-exec-6] WARN  org.springframework.web.servlet.PageNotFound - No mapping for GET /simpleblog/web/user/msg
2022-01-06 20:58:05.507 [http-nio-9099-exec-2] WARN  org.springframework.web.servlet.PageNotFound - No mapping for GET /simpleblog/web/user/msg
2022-01-06 20:58:13.515 [http-nio-9099-exec-5] WARN  org.springframework.web.servlet.PageNotFound - No mapping for GET /simpleblog/web/user/msg
2022-01-06 20:58:21.501 [http-nio-9099-exec-9] WARN  org.springframework.web.servlet.PageNotFound - No mapping for GET /simpleblog/web/user/msg
2022-01-06 20:58:29.505 [http-nio-9099-exec-10] WARN  org.springframework.web.servlet.PageNotFound - No mapping for GET /simpleblog/web/user/msg
2022-01-06 20:58:37.506 [http-nio-9099-exec-7] WARN  org.springframework.web.servlet.PageNotFound - No mapping for GET /simpleblog/web/user/msg
2022-01-06 20:58:45.498 [http-nio-9099-exec-4] WARN  org.springframework.web.servlet.PageNotFound - No mapping for GET /simpleblog/web/user/msg
2022-01-06 20:58:53.511 [http-nio-9099-exec-3] WARN  org.springframework.web.servlet.PageNotFound - No mapping for GET /simpleblog/web/user/msg
2022-01-06 20:59:01.500 [http-nio-9099-exec-8] WARN  org.springframework.web.servlet.PageNotFound - No mapping for GET /simpleblog/web/user/msg
2022-01-06 20:59:09.512 [http-nio-9099-exec-1] WARN  org.springframework.web.servlet.PageNotFound - No mapping for GET /simpleblog/web/user/msg
2022-01-06 20:59:17.516 [http-nio-9099-exec-6] WARN  org.springframework.web.servlet.PageNotFound - No mapping for GET /simpleblog/web/user/msg
2022-01-06 20:59:25.528 [http-nio-9099-exec-2] WARN  org.springframework.web.servlet.PageNotFound - No mapping for GET /simpleblog/web/user/msg
2022-01-06 20:59:33.513 [http-nio-9099-exec-5] WARN  org.springframework.web.servlet.PageNotFound - No mapping for GET /simpleblog/web/user/msg
2022-01-06 20:59:41.507 [http-nio-9099-exec-9] WARN  org.springframework.web.servlet.PageNotFound - No mapping for GET /simpleblog/web/user/msg
2022-01-06 20:59:49.509 [http-nio-9099-exec-10] WARN  org.springframework.web.servlet.PageNotFound - No mapping for GET /simpleblog/web/user/msg
2022-01-06 20:59:57.500 [http-nio-9099-exec-7] WARN  org.springframework.web.servlet.PageNotFound - No mapping for GET /simpleblog/web/user/msg
2022-01-06 21:00:05.513 [http-nio-9099-exec-4] WARN  org.springframework.web.servlet.PageNotFound - No mapping for GET /simpleblog/web/user/msg
2022-01-06 21:00:13.503 [http-nio-9099-exec-3] WARN  org.springframework.web.servlet.PageNotFound - No mapping for GET /simpleblog/web/user/msg
2022-01-06 21:00:21.502 [http-nio-9099-exec-8] WARN  org.springframework.web.servlet.PageNotFound - No mapping for GET /simpleblog/web/user/msg
2022-01-06 21:00:29.506 [http-nio-9099-exec-1] WARN  org.springframework.web.servlet.PageNotFound - No mapping for GET /simpleblog/web/user/msg
2022-01-06 21:00:37.512 [http-nio-9099-exec-6] WARN  org.springframework.web.servlet.PageNotFound - No mapping for GET /simpleblog/web/user/msg
2022-01-06 21:00:45.505 [http-nio-9099-exec-2] WARN  org.springframework.web.servlet.PageNotFound - No mapping for GET /simpleblog/web/user/msg
2022-01-06 21:00:53.508 [http-nio-9099-exec-5] WARN  org.springframework.web.servlet.PageNotFound - No mapping for GET /simpleblog/web/user/msg
2022-01-06 21:01:01.500 [http-nio-9099-exec-9] WARN  org.springframework.web.servlet.PageNotFound - No mapping for GET /simpleblog/web/user/msg
2022-01-06 21:01:09.514 [http-nio-9099-exec-10] WARN  org.springframework.web.servlet.PageNotFound - No mapping for GET /simpleblog/web/user/msg
2022-01-06 21:01:17.500 [http-nio-9099-exec-7] WARN  org.springframework.web.servlet.PageNotFound - No mapping for GET /simpleblog/web/user/msg
2022-01-06 21:01:25.567 [http-nio-9099-exec-1] WARN  org.springframework.web.servlet.PageNotFound - No mapping for GET /simpleblog/web/user/msg
2022-01-06 21:01:33.501 [http-nio-9099-exec-2] WARN  org.springframework.web.servlet.PageNotFound - No mapping for GET /simpleblog/web/user/msg
2022-01-06 21:01:41.510 [http-nio-9099-exec-5] WARN  org.springframework.web.servlet.PageNotFound - No mapping for GET /simpleblog/web/user/msg
2022-01-06 21:02:14.506 [http-nio-9099-exec-4] WARN  org.springframework.web.servlet.PageNotFound - No mapping for GET /simpleblog/web/user/msg
2022-01-06 21:03:14.510 [http-nio-9099-exec-9] WARN  org.springframework.web.servlet.PageNotFound - No mapping for GET /simpleblog/web/user/msg
2022-01-06 21:04:09.535 [http-nio-9099-exec-10] WARN  org.springframework.web.servlet.PageNotFound - No mapping for GET /simpleblog/web/user/msg
2022-01-06 21:04:12.702 [http-nio-9099-exec-8] WARN  org.springframework.web.servlet.PageNotFound - No mapping for GET /simpleblog/web/user/msg
2022-01-06 21:04:21.513 [http-nio-9099-exec-7] WARN  org.springframework.web.servlet.PageNotFound - No mapping for GET /simpleblog/web/user/msg
2022-01-06 21:04:29.506 [http-nio-9099-exec-3] WARN  org.springframework.web.servlet.PageNotFound - No mapping for GET /simpleblog/web/user/msg
2022-01-06 21:04:37.505 [http-nio-9099-exec-6] WARN  org.springframework.web.servlet.PageNotFound - No mapping for GET /simpleblog/web/user/msg
2022-01-06 21:04:45.515 [http-nio-9099-exec-1] WARN  org.springframework.web.servlet.PageNotFound - No mapping for GET /simpleblog/web/user/msg
2022-01-06 21:04:53.500 [http-nio-9099-exec-2] WARN  org.springframework.web.servlet.PageNotFound - No mapping for GET /simpleblog/web/user/msg
2022-01-06 21:05:01.499 [http-nio-9099-exec-5] WARN  org.springframework.web.servlet.PageNotFound - No mapping for GET /simpleblog/web/user/msg
2022-01-06 21:05:09.506 [http-nio-9099-exec-4] WARN  org.springframework.web.servlet.PageNotFound - No mapping for GET /simpleblog/web/user/msg
2022-01-06 21:05:17.532 [http-nio-9099-exec-9] WARN  org.springframework.web.servlet.PageNotFound - No mapping for GET /simpleblog/web/user/msg
2022-01-06 21:05:25.511 [http-nio-9099-exec-10] WARN  org.springframework.web.servlet.PageNotFound - No mapping for GET /simpleblog/web/user/msg
2022-01-06 21:05:33.507 [http-nio-9099-exec-8] WARN  org.springframework.web.servlet.PageNotFound - No mapping for GET /simpleblog/web/user/msg
2022-01-06 21:05:41.499 [http-nio-9099-exec-7] WARN  org.springframework.web.servlet.PageNotFound - No mapping for GET /simpleblog/web/user/msg
2022-01-06 21:05:48.698 [http-nio-9099-exec-3] WARN  org.springframework.web.servlet.PageNotFound - No mapping for GET /simpleblog/web/user/msg
2022-01-06 21:05:56.801 [http-nio-9099-exec-6] WARN  org.springframework.web.servlet.PageNotFound - No mapping for GET /simpleblog/web/user/msg
2022-01-06 21:06:05.509 [http-nio-9099-exec-1] WARN  org.springframework.web.servlet.PageNotFound - No mapping for GET /simpleblog/web/user/msg
2022-01-06 21:06:13.502 [http-nio-9099-exec-2] WARN  org.springframework.web.servlet.PageNotFound - No mapping for GET /simpleblog/web/user/msg
2022-01-06 21:06:21.513 [http-nio-9099-exec-5] WARN  org.springframework.web.servlet.PageNotFound - No mapping for GET /simpleblog/web/user/msg
2022-01-06 21:06:29.506 [http-nio-9099-exec-4] WARN  org.springframework.web.servlet.PageNotFound - No mapping for GET /simpleblog/web/user/msg
2022-01-06 21:06:37.503 [http-nio-9099-exec-9] WARN  org.springframework.web.servlet.PageNotFound - No mapping for GET /simpleblog/web/user/msg
2022-01-06 21:06:45.506 [http-nio-9099-exec-10] WARN  org.springframework.web.servlet.PageNotFound - No mapping for GET /simpleblog/web/user/msg
2022-01-06 21:06:53.505 [http-nio-9099-exec-8] WARN  org.springframework.web.servlet.PageNotFound - No mapping for GET /simpleblog/web/user/msg
2022-01-06 21:07:01.502 [http-nio-9099-exec-7] WARN  org.springframework.web.servlet.PageNotFound - No mapping for GET /simpleblog/web/user/msg
2022-01-06 21:07:09.510 [http-nio-9099-exec-3] WARN  org.springframework.web.servlet.PageNotFound - No mapping for GET /simpleblog/web/user/msg
2022-01-06 21:07:17.509 [http-nio-9099-exec-6] WARN  org.springframework.web.servlet.PageNotFound - No mapping for GET /simpleblog/web/user/msg
2022-01-06 21:07:25.505 [http-nio-9099-exec-1] WARN  org.springframework.web.servlet.PageNotFound - No mapping for GET /simpleblog/web/user/msg
2022-01-06 21:07:33.501 [http-nio-9099-exec-2] WARN  org.springframework.web.servlet.PageNotFound - No mapping for GET /simpleblog/web/user/msg
2022-01-06 21:07:41.509 [http-nio-9099-exec-5] WARN  org.springframework.web.servlet.PageNotFound - No mapping for GET /simpleblog/web/user/msg
2022-01-06 21:07:49.505 [http-nio-9099-exec-4] WARN  org.springframework.web.servlet.PageNotFound - No mapping for GET /simpleblog/web/user/msg
2022-01-06 21:07:57.502 [http-nio-9099-exec-9] WARN  org.springframework.web.servlet.PageNotFound - No mapping for GET /simpleblog/web/user/msg
2022-01-06 21:08:05.505 [http-nio-9099-exec-10] WARN  org.springframework.web.servlet.PageNotFound - No mapping for GET /simpleblog/web/user/msg
2022-01-06 21:08:13.576 [http-nio-9099-exec-1] WARN  org.springframework.web.servlet.PageNotFound - No mapping for GET /simpleblog/web/user/msg
2022-01-06 21:08:21.521 [http-nio-9099-exec-2] WARN  org.springframework.web.servlet.PageNotFound - No mapping for GET /simpleblog/web/user/msg
2022-01-06 21:08:28.694 [http-nio-9099-exec-3] WARN  org.springframework.web.servlet.PageNotFound - No mapping for GET /simpleblog/web/user/msg
2022-01-06 21:08:36.703 [http-nio-9099-exec-4] WARN  org.springframework.web.servlet.PageNotFound - No mapping for GET /simpleblog/web/user/msg
2022-01-06 21:08:44.708 [http-nio-9099-exec-5] WARN  org.springframework.web.servlet.PageNotFound - No mapping for GET /simpleblog/web/user/msg
2022-01-06 21:08:52.707 [http-nio-9099-exec-6] WARN  org.springframework.web.servlet.PageNotFound - No mapping for GET /simpleblog/web/user/msg
2022-01-06 21:09:00.696 [http-nio-9099-exec-7] WARN  org.springframework.web.servlet.PageNotFound - No mapping for GET /simpleblog/web/user/msg
2022-01-06 21:09:09.514 [http-nio-9099-exec-10] WARN  org.springframework.web.servlet.PageNotFound - No mapping for GET /simpleblog/web/user/msg
2022-01-06 21:09:17.506 [http-nio-9099-exec-8] WARN  org.springframework.web.servlet.PageNotFound - No mapping for GET /simpleblog/web/user/msg
2022-01-06 21:09:25.508 [http-nio-9099-exec-9] WARN  org.springframework.web.servlet.PageNotFound - No mapping for GET /simpleblog/web/user/msg
2022-01-06 21:09:33.505 [http-nio-9099-exec-1] WARN  org.springframework.web.servlet.PageNotFound - No mapping for GET /simpleblog/web/user/msg
2022-01-06 21:09:41.512 [http-nio-9099-exec-2] WARN  org.springframework.web.servlet.PageNotFound - No mapping for GET /simpleblog/web/user/msg
2022-01-06 21:09:49.503 [http-nio-9099-exec-3] WARN  org.springframework.web.servlet.PageNotFound - No mapping for GET /simpleblog/web/user/msg
2022-01-06 21:09:57.508 [http-nio-9099-exec-4] WARN  org.springframework.web.servlet.PageNotFound - No mapping for GET /simpleblog/web/user/msg
2022-01-06 21:10:04.693 [http-nio-9099-exec-5] WARN  org.springframework.web.servlet.PageNotFound - No mapping for GET /simpleblog/web/user/msg
2022-01-06 21:10:12.848 [http-nio-9099-exec-6] WARN  org.springframework.web.servlet.PageNotFound - No mapping for GET /simpleblog/web/user/msg
2022-01-06 21:10:20.702 [http-nio-9099-exec-7] WARN  org.springframework.web.servlet.PageNotFound - No mapping for GET /simpleblog/web/user/msg
2022-01-06 21:10:28.696 [http-nio-9099-exec-10] WARN  org.springframework.web.servlet.PageNotFound - No mapping for GET /simpleblog/web/user/msg
2022-01-06 21:10:36.698 [http-nio-9099-exec-8] WARN  org.springframework.web.servlet.PageNotFound - No mapping for GET /simpleblog/web/user/msg
2022-01-06 21:10:44.698 [http-nio-9099-exec-9] WARN  org.springframework.web.servlet.PageNotFound - No mapping for GET /simpleblog/web/user/msg
2022-01-06 21:10:52.705 [http-nio-9099-exec-1] WARN  org.springframework.web.servlet.PageNotFound - No mapping for GET /simpleblog/web/user/msg
2022-01-06 21:11:00.702 [http-nio-9099-exec-2] WARN  org.springframework.web.servlet.PageNotFound - No mapping for GET /simpleblog/web/user/msg
2022-01-06 21:11:08.701 [http-nio-9099-exec-3] WARN  org.springframework.web.servlet.PageNotFound - No mapping for GET /simpleblog/web/user/msg
2022-01-06 21:11:16.702 [http-nio-9099-exec-4] WARN  org.springframework.web.servlet.PageNotFound - No mapping for GET /simpleblog/web/user/msg
2022-01-06 21:11:24.710 [http-nio-9099-exec-5] WARN  org.springframework.web.servlet.PageNotFound - No mapping for GET /simpleblog/web/user/msg
2022-01-06 21:11:32.708 [http-nio-9099-exec-6] WARN  org.springframework.web.servlet.PageNotFound - No mapping for GET /simpleblog/web/user/msg
2022-01-06 21:11:40.696 [http-nio-9099-exec-7] WARN  org.springframework.web.servlet.PageNotFound - No mapping for GET /simpleblog/web/user/msg
2022-01-06 21:11:48.703 [http-nio-9099-exec-10] WARN  org.springframework.web.servlet.PageNotFound - No mapping for GET /simpleblog/web/user/msg
2022-01-06 21:11:56.706 [http-nio-9099-exec-8] WARN  org.springframework.web.servlet.PageNotFound - No mapping for GET /simpleblog/web/user/msg
2022-01-06 21:12:04.710 [http-nio-9099-exec-9] WARN  org.springframework.web.servlet.PageNotFound - No mapping for GET /simpleblog/web/user/msg
2022-01-06 21:12:12.697 [http-nio-9099-exec-1] WARN  org.springframework.web.servlet.PageNotFound - No mapping for GET /simpleblog/web/user/msg
2022-01-06 21:12:20.990 [http-nio-9099-exec-2] WARN  org.springframework.web.servlet.PageNotFound - No mapping for GET /simpleblog/web/user/msg
2022-01-06 21:12:28.803 [http-nio-9099-exec-3] WARN  org.springframework.web.servlet.PageNotFound - No mapping for GET /simpleblog/web/user/msg
2022-01-06 21:12:36.708 [http-nio-9099-exec-4] WARN  org.springframework.web.servlet.PageNotFound - No mapping for GET /simpleblog/web/user/msg
2022-01-06 21:12:44.701 [http-nio-9099-exec-5] WARN  org.springframework.web.servlet.PageNotFound - No mapping for GET /simpleblog/web/user/msg
2022-01-06 21:12:52.704 [http-nio-9099-exec-6] WARN  org.springframework.web.servlet.PageNotFound - No mapping for GET /simpleblog/web/user/msg
2022-01-06 21:13:00.699 [http-nio-9099-exec-7] WARN  org.springframework.web.servlet.PageNotFound - No mapping for GET /simpleblog/web/user/msg
2022-01-06 21:13:08.709 [http-nio-9099-exec-10] WARN  org.springframework.web.servlet.PageNotFound - No mapping for GET /simpleblog/web/user/msg
2022-01-06 21:13:16.700 [http-nio-9099-exec-8] WARN  org.springframework.web.servlet.PageNotFound - No mapping for GET /simpleblog/web/user/msg
2022-01-06 21:13:24.702 [http-nio-9099-exec-9] WARN  org.springframework.web.servlet.PageNotFound - No mapping for GET /simpleblog/web/user/msg
2022-01-06 21:13:32.698 [http-nio-9099-exec-1] WARN  org.springframework.web.servlet.PageNotFound - No mapping for GET /simpleblog/web/user/msg
2022-01-06 21:13:40.699 [http-nio-9099-exec-2] WARN  org.springframework.web.servlet.PageNotFound - No mapping for GET /simpleblog/web/user/msg
2022-01-06 21:13:48.709 [http-nio-9099-exec-3] WARN  org.springframework.web.servlet.PageNotFound - No mapping for GET /simpleblog/web/user/msg
2022-01-06 21:13:56.695 [http-nio-9099-exec-4] WARN  org.springframework.web.servlet.PageNotFound - No mapping for GET /simpleblog/web/user/msg
2022-01-06 21:14:04.708 [http-nio-9099-exec-5] WARN  org.springframework.web.servlet.PageNotFound - No mapping for GET /simpleblog/web/user/msg
2022-01-06 21:14:13.512 [http-nio-9099-exec-6] WARN  org.springframework.web.servlet.PageNotFound - No mapping for GET /simpleblog/web/user/msg
2022-01-06 21:14:21.501 [http-nio-9099-exec-7] WARN  org.springframework.web.servlet.PageNotFound - No mapping for GET /simpleblog/web/user/msg
2022-01-06 21:14:29.505 [http-nio-9099-exec-10] WARN  org.springframework.web.servlet.PageNotFound - No mapping for GET /simpleblog/web/user/msg
2022-01-06 21:14:37.509 [http-nio-9099-exec-8] WARN  org.springframework.web.servlet.PageNotFound - No mapping for GET /simpleblog/web/user/msg
2022-01-06 21:14:45.502 [http-nio-9099-exec-9] WARN  org.springframework.web.servlet.PageNotFound - No mapping for GET /simpleblog/web/user/msg
2022-01-06 21:14:53.506 [http-nio-9099-exec-1] WARN  org.springframework.web.servlet.PageNotFound - No mapping for GET /simpleblog/web/user/msg
2022-01-06 21:15:01.502 [http-nio-9099-exec-2] WARN  org.springframework.web.servlet.PageNotFound - No mapping for GET /simpleblog/web/user/msg
2022-01-06 21:15:09.511 [http-nio-9099-exec-3] WARN  org.springframework.web.servlet.PageNotFound - No mapping for GET /simpleblog/web/user/msg
2022-01-06 21:15:17.506 [http-nio-9099-exec-4] WARN  org.springframework.web.servlet.PageNotFound - No mapping for GET /simpleblog/web/user/msg
2022-01-06 21:15:25.508 [http-nio-9099-exec-5] WARN  org.springframework.web.servlet.PageNotFound - No mapping for GET /simpleblog/web/user/msg
2022-01-06 21:15:33.502 [http-nio-9099-exec-6] WARN  org.springframework.web.servlet.PageNotFound - No mapping for GET /simpleblog/web/user/msg
2022-01-06 21:15:41.510 [http-nio-9099-exec-7] WARN  org.springframework.web.servlet.PageNotFound - No mapping for GET /simpleblog/web/user/msg
2022-01-06 21:15:49.512 [http-nio-9099-exec-10] WARN  org.springframework.web.servlet.PageNotFound - No mapping for GET /simpleblog/web/user/msg
2022-01-06 21:15:57.514 [http-nio-9099-exec-8] WARN  org.springframework.web.servlet.PageNotFound - No mapping for GET /simpleblog/web/user/msg
2022-01-06 21:16:05.512 [http-nio-9099-exec-9] WARN  org.springframework.web.servlet.PageNotFound - No mapping for GET /simpleblog/web/user/msg
2022-01-06 21:16:13.504 [http-nio-9099-exec-1] WARN  org.springframework.web.servlet.PageNotFound - No mapping for GET /simpleblog/web/user/msg
2022-01-06 21:16:21.508 [http-nio-9099-exec-2] WARN  org.springframework.web.servlet.PageNotFound - No mapping for GET /simpleblog/web/user/msg
2022-01-06 21:16:29.504 [http-nio-9099-exec-3] WARN  org.springframework.web.servlet.PageNotFound - No mapping for GET /simpleblog/web/user/msg
2022-01-06 21:16:37.511 [http-nio-9099-exec-4] WARN  org.springframework.web.servlet.PageNotFound - No mapping for GET /simpleblog/web/user/msg
2022-01-06 21:16:45.505 [http-nio-9099-exec-5] WARN  org.springframework.web.servlet.PageNotFound - No mapping for GET /simpleblog/web/user/msg
2022-01-06 21:16:53.513 [http-nio-9099-exec-6] WARN  org.springframework.web.servlet.PageNotFound - No mapping for GET /simpleblog/web/user/msg
2022-01-06 21:17:01.510 [http-nio-9099-exec-7] WARN  org.springframework.web.servlet.PageNotFound - No mapping for GET /simpleblog/web/user/msg
2022-01-06 21:17:09.502 [http-nio-9099-exec-10] WARN  org.springframework.web.servlet.PageNotFound - No mapping for GET /simpleblog/web/user/msg
2022-01-06 21:17:17.509 [http-nio-9099-exec-8] WARN  org.springframework.web.servlet.PageNotFound - No mapping for GET /simpleblog/web/user/msg
2022-01-06 21:17:25.507 [http-nio-9099-exec-9] WARN  org.springframework.web.servlet.PageNotFound - No mapping for GET /simpleblog/web/user/msg
2022-01-06 21:17:33.499 [http-nio-9099-exec-1] WARN  org.springframework.web.servlet.PageNotFound - No mapping for GET /simpleblog/web/user/msg
2022-01-06 21:17:41.502 [http-nio-9099-exec-2] WARN  org.springframework.web.servlet.PageNotFound - No mapping for GET /simpleblog/web/user/msg
2022-01-06 21:17:49.506 [http-nio-9099-exec-3] WARN  org.springframework.web.servlet.PageNotFound - No mapping for GET /simpleblog/web/user/msg
2022-01-06 21:17:57.502 [http-nio-9099-exec-4] WARN  org.springframework.web.servlet.PageNotFound - No mapping for GET /simpleblog/web/user/msg
2022-01-06 21:18:05.502 [http-nio-9099-exec-5] WARN  org.springframework.web.servlet.PageNotFound - No mapping for GET /simpleblog/web/user/msg
2022-01-06 21:18:13.513 [http-nio-9099-exec-6] WARN  org.springframework.web.servlet.PageNotFound - No mapping for GET /simpleblog/web/user/msg
2022-01-06 21:18:21.505 [http-nio-9099-exec-7] WARN  org.springframework.web.servlet.PageNotFound - No mapping for GET /simpleblog/web/user/msg
2022-01-06 21:18:29.505 [http-nio-9099-exec-10] WARN  org.springframework.web.servlet.PageNotFound - No mapping for GET /simpleblog/web/user/msg
2022-01-06 21:18:37.505 [http-nio-9099-exec-8] WARN  org.springframework.web.servlet.PageNotFound - No mapping for GET /simpleblog/web/user/msg
2022-01-06 21:18:45.512 [http-nio-9099-exec-9] WARN  org.springframework.web.servlet.PageNotFound - No mapping for GET /simpleblog/web/user/msg
2022-01-06 21:18:53.514 [http-nio-9099-exec-1] WARN  org.springframework.web.servlet.PageNotFound - No mapping for GET /simpleblog/web/user/msg
2022-01-06 21:19:01.506 [http-nio-9099-exec-2] WARN  org.springframework.web.servlet.PageNotFound - No mapping for GET /simpleblog/web/user/msg
2022-01-06 21:19:14.509 [http-nio-9099-exec-3] WARN  org.springframework.web.servlet.PageNotFound - No mapping for GET /simpleblog/web/user/msg
2022-01-06 21:20:14.512 [http-nio-9099-exec-5] WARN  org.springframework.web.servlet.PageNotFound - No mapping for GET /simpleblog/web/user/msg
2022-01-06 21:21:14.511 [http-nio-9099-exec-6] WARN  org.springframework.web.servlet.PageNotFound - No mapping for GET /simpleblog/web/user/msg
2022-01-06 21:22:14.507 [http-nio-9099-exec-7] WARN  org.springframework.web.servlet.PageNotFound - No mapping for GET /simpleblog/web/user/msg
2022-01-06 21:23:14.503 [http-nio-9099-exec-10] WARN  org.springframework.web.servlet.PageNotFound - No mapping for GET /simpleblog/web/user/msg
2022-01-06 21:24:14.510 [http-nio-9099-exec-8] WARN  org.springframework.web.servlet.PageNotFound - No mapping for GET /simpleblog/web/user/msg
2022-01-06 21:25:14.505 [http-nio-9099-exec-9] WARN  org.springframework.web.servlet.PageNotFound - No mapping for GET /simpleblog/web/user/msg
2022-01-06 21:26:14.510 [http-nio-9099-exec-1] WARN  org.springframework.web.servlet.PageNotFound - No mapping for GET /simpleblog/web/user/msg
2022-01-06 21:27:14.509 [http-nio-9099-exec-3] WARN  org.springframework.web.servlet.PageNotFound - No mapping for GET /simpleblog/web/user/msg
2022-01-06 21:28:14.510 [http-nio-9099-exec-4] WARN  org.springframework.web.servlet.PageNotFound - No mapping for GET /simpleblog/web/user/msg
2022-01-06 21:29:14.510 [http-nio-9099-exec-5] WARN  org.springframework.web.servlet.PageNotFound - No mapping for GET /simpleblog/web/user/msg
2022-01-06 21:30:14.504 [http-nio-9099-exec-6] WARN  org.springframework.web.servlet.PageNotFound - No mapping for GET /simpleblog/web/user/msg
2022-01-06 21:31:14.505 [http-nio-9099-exec-7] WARN  org.springframework.web.servlet.PageNotFound - No mapping for GET /simpleblog/web/user/msg
2022-01-06 21:32:14.511 [http-nio-9099-exec-10] WARN  org.springframework.web.servlet.PageNotFound - No mapping for GET /simpleblog/web/user/msg
2022-01-06 21:33:14.510 [http-nio-9099-exec-8] WARN  org.springframework.web.servlet.PageNotFound - No mapping for GET /simpleblog/web/user/msg
2022-01-06 21:34:14.504 [http-nio-9099-exec-9] WARN  org.springframework.web.servlet.PageNotFound - No mapping for GET /simpleblog/web/user/msg
2022-01-06 21:35:14.502 [http-nio-9099-exec-1] WARN  org.springframework.web.servlet.PageNotFound - No mapping for GET /simpleblog/web/user/msg
2022-01-06 21:36:14.507 [http-nio-9099-exec-2] WARN  org.springframework.web.servlet.PageNotFound - No mapping for GET /simpleblog/web/user/msg
2022-01-06 21:37:14.512 [http-nio-9099-exec-3] WARN  org.springframework.web.servlet.PageNotFound - No mapping for GET /simpleblog/web/user/msg
2022-01-06 21:38:14.509 [http-nio-9099-exec-4] WARN  org.springframework.web.servlet.PageNotFound - No mapping for GET /simpleblog/web/user/msg
2022-01-06 21:39:14.512 [http-nio-9099-exec-5] WARN  org.springframework.web.servlet.PageNotFound - No mapping for GET /simpleblog/web/user/msg
2022-01-06 21:40:14.513 [http-nio-9099-exec-6] WARN  org.springframework.web.servlet.PageNotFound - No mapping for GET /simpleblog/web/user/msg
2022-01-06 21:41:14.506 [http-nio-9099-exec-7] WARN  org.springframework.web.servlet.PageNotFound - No mapping for GET /simpleblog/web/user/msg
2022-01-06 21:42:14.505 [http-nio-9099-exec-10] WARN  org.springframework.web.servlet.PageNotFound - No mapping for GET /simpleblog/web/user/msg
2022-01-06 21:43:14.509 [http-nio-9099-exec-8] WARN  org.springframework.web.servlet.PageNotFound - No mapping for GET /simpleblog/web/user/msg
2022-01-06 21:44:14.502 [http-nio-9099-exec-9] WARN  org.springframework.web.servlet.PageNotFound - No mapping for GET /simpleblog/web/user/msg
2022-01-06 21:45:14.503 [http-nio-9099-exec-2] WARN  org.springframework.web.servlet.PageNotFound - No mapping for GET /simpleblog/web/user/msg
2022-01-06 21:46:14.505 [http-nio-9099-exec-3] WARN  org.springframework.web.servlet.PageNotFound - No mapping for GET /simpleblog/web/user/msg
2022-01-06 21:47:14.510 [http-nio-9099-exec-4] WARN  org.springframework.web.servlet.PageNotFound - No mapping for GET /simpleblog/web/user/msg
2022-01-06 21:48:14.513 [http-nio-9099-exec-5] WARN  org.springframework.web.servlet.PageNotFound - No mapping for GET /simpleblog/web/user/msg
2022-01-06 21:49:14.512 [http-nio-9099-exec-6] WARN  org.springframework.web.servlet.PageNotFound - No mapping for GET /simpleblog/web/user/msg
2022-01-06 21:49:41.787 [http-nio-9099-exec-7] WARN  org.springframework.web.servlet.PageNotFound - No mapping for GET /simpleblog/web/user/msg
2022-01-06 21:49:48.704 [http-nio-9099-exec-10] WARN  org.springframework.web.servlet.PageNotFound - No mapping for GET /simpleblog/web/user/msg
2022-01-06 21:49:57.035 [http-nio-9099-exec-8] WARN  org.springframework.web.servlet.PageNotFound - No mapping for GET /simpleblog/web/user/msg
2022-01-06 21:50:05.500 [http-nio-9099-exec-9] WARN  org.springframework.web.servlet.PageNotFound - No mapping for GET /simpleblog/web/user/msg
2022-01-06 21:50:13.479 [http-nio-9099-exec-1] WARN  org.springframework.web.servlet.PageNotFound - No mapping for GET /simpleblog/web/user/msg
